<?xml version="1.0" encoding="UTF-8"?>
<!-- Generated by org.testng.reporters.JUnitReportReporter -->
<testsuite hostname="sony-VAIO" failures="0" tests="1" name="crossBrowserTesting.DifferentBowser" time="8.152" errors="0" timestamp="09 Dec 2017 01:50:59 GMT" skipped="0">
  <testcase classname="crossBrowserTesting.DifferentBowser" name="openBrowser" time="8.152"/>
</testsuite> <!-- crossBrowserTesting.DifferentBowser -->
