<?xml version="1.0" encoding="UTF-8"?>
<!-- Generated by org.testng.reporters.JUnitReportReporter -->
<testsuite hostname="sony-VAIO" failures="0" tests="6" name="crossBrowserTesting.CBT" time="1.550" errors="0" timestamp="09 Dec 2017 00:45:56 GMT" skipped="0">
  <testcase classname="crossBrowserTesting.CBT" name="verifyTitle" time="0.059"/>
  <testcase classname="crossBrowserTesting.CBT" name="verifyTitle" time="0.038"/>
  <testcase classname="crossBrowserTesting.CBT" name="verifyText2" time="0.376"/>
  <testcase classname="crossBrowserTesting.CBT" name="verifyText2" time="0.384"/>
  <testcase classname="crossBrowserTesting.CBT" name="verifyRadioButton" time="0.148"/>
  <testcase classname="crossBrowserTesting.CBT" name="verifyRadioButton" time="0.545"/>
</testsuite> <!-- crossBrowserTesting.CBT -->
