<?xml version="1.0" encoding="UTF-8"?>
<!-- Generated by org.testng.reporters.JUnitReportReporter -->
<testsuite hostname="sony-VAIO" failures="0" tests="1" name="demo.verifyTitle" time="0.050" errors="0" timestamp="08 Dec 2017 22:28:12 GMT" skipped="0">
  <testcase classname="demo.verifyTitle" name="titleVerification" time="0.050"/>
</testsuite> <!-- demo.verifyTitle -->
